
> docs@0.1.0 build
> next build

  ▲ Next.js 14.2.30

   Creating an optimized production build ...
 ✓ Compiled successfully
   Linting and checking validity of types ...
   Collecting page data ...
TypeError: n.createContext is not a function
    at 9615 (/app/apps/docs/.next/server/app/models/page.js:1:6974)
    at t (/app/apps/docs/.next/server/webpack-runtime.js:1:127)
    at 1085 (/app/apps/docs/.next/server/app/models/page.js:1:2557)
    at t (/app/apps/docs/.next/server/webpack-runtime.js:1:127)
    at 3474 (/app/apps/docs/.next/server/app/models/page.js:1:718)
    at t (/app/apps/docs/.next/server/webpack-runtime.js:1:127)
    at s (/app/apps/docs/.next/server/app/models/page.js:1:7155)
    at /app/apps/docs/.next/server/app/models/page.js:1:7190
    at t.X (/app/apps/docs/.next/server/webpack-runtime.js:1:1191)
    at /app/apps/docs/.next/server/app/models/page.js:1:7168
TypeError: i.createContext is not a function
    at 9615 (/app/apps/docs/.next/server/app/mvvm/page.js:1:7981)
    at t (/app/apps/docs/.next/server/webpack-runtime.js:1:127)
    at 6548 (/app/apps/docs/.next/server/app/mvvm/page.js:1:2545)
    at t (/app/apps/docs/.next/server/webpack-runtime.js:1:127)
    at 5289 (/app/apps/docs/.next/server/app/mvvm/page.js:1:718)
    at t (/app/apps/docs/.next/server/webpack-runtime.js:1:127)
    at n (/app/apps/docs/.next/server/app/mvvm/page.js:1:8162)
    at /app/apps/docs/.next/server/app/mvvm/page.js:1:8197
    at t.X (/app/apps/docs/.next/server/webpack-runtime.js:1:1191)
    at /app/apps/docs/.next/server/app/mvvm/page.js:1:8175

> Build error occurred
Error: Failed to collect page data for /models
    at /app/apps/docs/node_modules/next/dist/build/utils.js:1269:15
    at process.processTicksAndRejections (node:internal/process/task_queues:95:5) {
  type: 'Error'
}
npm ERR! Lifecycle script `build` failed with error:
npm ERR! Error: command failed
npm ERR!   in workspace: docs@0.1.0
npm ERR!   at location: /app/apps/docs
