
> docs@0.1.0 build
> next build

  â–² Next.js 14.2.30

   Creating an optimized production build ...
Failed to compile.

./app/page.tsx
Error:
  [31mx[0m Unexpected token `main`. Expected jsx identifier
    ,-[[36;1;4m/app/apps/docs/app/page.tsx[0m:20:1]
 [2m20[0m |
 [2m21[0m | export default function Page() {
 [2m22[0m |   return (
 [2m23[0m |     <main className={styles.main}>
    : [31;1m     ^^^^[0m
 [2m24[0m |       <div className={styles.hero}>
 [2m25[0m |         <div className={styles.heroContent}>
 [2m26[0m |           <h1>
    `----

Caused by:
    Syntax Error

Import trace for requested module:
./app/page.tsx


> Build failed because of webpack errors
npm ERR! Lifecycle script `build` failed with error:
npm ERR! Error: command failed
npm ERR!   in workspace: docs@0.1.0
npm ERR!   at location: /app/apps/docs
