
> docs@0.1.0 build
> next build

   ▲ Next.js 15.3.3

   Creating an optimized production build ...
 ✓ Compiled successfully in 9.0s
   Linting and checking validity of types ...

./app/page.tsx
3:8  Warning: 'Link' is defined but never used.  @typescript-eslint/no-unused-vars

info  - Need to disable some ESLint rules? Learn more here: https://nextjs.org/docs/app/api-reference/config/eslint#disabling-rules
   Collecting page data ...
[Error: Failed to collect configuration for /models] {
  [cause]: TypeError: r.createContext is not a function
      at 5864 (.next/server/app/models/page.js:1:3210)
      at t (.next/server/webpack-runtime.js:1:127)
      at 9837 (.next/server/app/models/page.js:1:3700)
      at Function.t (.next/server/webpack-runtime.js:1:127)
}

> Build error occurred
[Error: Failed to collect page data for /models] { type: 'Error' }
npm ERR! Lifecycle script `build` failed with error:
npm ERR! Error: command failed
npm ERR!   in workspace: docs@0.1.0
npm ERR!   at location: /app/apps/docs
