
> docs@0.1.0 build
> next build

  ▲ Next.js 14.2.30

   Creating an optimized production build ...
 ✓ Compiled successfully
   Linting and checking validity of types ...
   Collecting page data ...
TypeError: n.createContext is not a function
    at 9615 (/app/apps/docs/.next/server/chunks/810.js:2:17857)
    at t (/app/apps/docs/.next/server/webpack-runtime.js:1:127)
    at 1506 (/app/apps/docs/.next/server/app/page.js:1:15813)
    at t (/app/apps/docs/.next/server/webpack-runtime.js:1:127)
    at 6864 (/app/apps/docs/.next/server/app/page.js:1:726)
    at t (/app/apps/docs/.next/server/webpack-runtime.js:1:127)
    at r (/app/apps/docs/.next/server/app/page.js:1:55712)
    at /app/apps/docs/.next/server/app/page.js:1:55743
    at t.X (/app/apps/docs/.next/server/webpack-runtime.js:1:1191)
    at /app/apps/docs/.next/server/app/page.js:1:55725

> Build error occurred
Error: Failed to collect page data for /
    at /app/apps/docs/node_modules/next/dist/build/utils.js:1269:15
    at process.processTicksAndRejections (node:internal/process/task_queues:95:5) {
  type: 'Error'
}
npm ERR! Lifecycle script `build` failed with error:
npm ERR! Error: command failed
npm ERR!   in workspace: docs@0.1.0
npm ERR!   at location: /app/apps/docs
